{"/Users/vm/repos/react-server/app/src/App.js": {"path":"/Users/vm/repos/react-server/app/src/App.js","statementMap":{"0":{"start":{"line":8,"column":13},"end":{"line":8,"column":36}},"1":{"start":{"line":8,"column":19},"end":{"line":8,"column":36}},"2":{"start":{"line":9,"column":20},"end":{"line":9,"column":42}},"3":{"start":{"line":9,"column":26},"end":{"line":9,"column":42}},"4":{"start":{"line":13,"column":4},"end":{"line":22,"column":5}}},"fnMap":{"0":{"name":"(anonymous_0)","decl":{"start":{"line":8,"column":13},"end":{"line":8,"column":14}},"loc":{"start":{"line":8,"column":19},"end":{"line":8,"column":36}},"line":8},"1":{"name":"(anonymous_1)","decl":{"start":{"line":9,"column":20},"end":{"line":9,"column":21}},"loc":{"start":{"line":9,"column":26},"end":{"line":9,"column":42}},"line":9},"2":{"name":"(anonymous_2)","decl":{"start":{"line":12,"column":2},"end":{"line":12,"column":3}},"loc":{"start":{"line":12,"column":12},"end":{"line":23,"column":3}},"line":12}},"branchMap":{},"s":{"0":1,"1":1,"2":1,"3":0,"4":1},"f":{"0":1,"1":0,"2":1},"b":{},"_coverageSchema":"43e27e138ebf9cfc5966b082cf9a028302ed4184","hash":"86b677ca8cdcb3d5d53f0b09fb3868d5f91adcaf"}
,"/Users/vm/repos/react-server/app/src/index.js": {"path":"/Users/vm/repos/react-server/app/src/index.js","statementMap":{"0":{"start":{"line":8,"column":0},"end":{"line":12,"column":34}},"1":{"start":{"line":17,"column":0},"end":{"line":17,"column":26}}},"fnMap":{},"branchMap":{},"s":{"0":0,"1":0},"f":{},"b":{},"hash":"621a57fa19048f1251a6038ffeac13de4164f824"}
,"/Users/vm/repos/react-server/app/src/serviceWorker.js": {"path":"/Users/vm/repos/react-server/app/src/serviceWorker.js","statementMap":{"0":{"start":{"line":13,"column":20},"end":{"line":21,"column":1}},"1":{"start":{"line":24,"column":2},"end":{"line":54,"column":3}},"2":{"start":{"line":26,"column":22},"end":{"line":26,"column":75}},"3":{"start":{"line":27,"column":4},"end":{"line":32,"column":5}},"4":{"start":{"line":31,"column":6},"end":{"line":31,"column":12}},"5":{"start":{"line":34,"column":4},"end":{"line":53,"column":6}},"6":{"start":{"line":35,"column":20},"end":{"line":35,"column":65}},"7":{"start":{"line":37,"column":6},"end":{"line":52,"column":7}},"8":{"start":{"line":39,"column":8},"end":{"line":39,"column":46}},"9":{"start":{"line":43,"column":8},"end":{"line":48,"column":10}},"10":{"start":{"line":44,"column":10},"end":{"line":47,"column":11}},"11":{"start":{"line":51,"column":8},"end":{"line":51,"column":38}},"12":{"start":{"line":58,"column":2},"end":{"line":98,"column":6}},"13":{"start":{"line":61,"column":6},"end":{"line":94,"column":7}},"14":{"start":{"line":62,"column":33},"end":{"line":62,"column":56}},"15":{"start":{"line":63,"column":8},"end":{"line":65,"column":9}},"16":{"start":{"line":64,"column":10},"end":{"line":64,"column":16}},"17":{"start":{"line":66,"column":8},"end":{"line":93,"column":9}},"18":{"start":{"line":67,"column":10},"end":{"line":92,"column":11}},"19":{"start":{"line":68,"column":12},"end":{"line":91,"column":13}},"20":{"start":{"line":72,"column":14},"end":{"line":75,"column":15}},"21":{"start":{"line":78,"column":14},"end":{"line":80,"column":15}},"22":{"start":{"line":79,"column":16},"end":{"line":79,"column":45}},"23":{"start":{"line":85,"column":14},"end":{"line":85,"column":63}},"24":{"start":{"line":88,"column":14},"end":{"line":90,"column":15}},"25":{"start":{"line":89,"column":16},"end":{"line":89,"column":46}},"26":{"start":{"line":97,"column":6},"end":{"line":97,"column":71}},"27":{"start":{"line":103,"column":2},"end":{"line":126,"column":6}},"28":{"start":{"line":106,"column":26},"end":{"line":106,"column":62}},"29":{"start":{"line":107,"column":6},"end":{"line":120,"column":7}},"30":{"start":{"line":112,"column":8},"end":{"line":116,"column":10}},"31":{"start":{"line":113,"column":10},"end":{"line":115,"column":12}},"32":{"start":{"line":114,"column":12},"end":{"line":114,"column":36}},"33":{"start":{"line":119,"column":8},"end":{"line":119,"column":38}},"34":{"start":{"line":123,"column":6},"end":{"line":125,"column":7}},"35":{"start":{"line":130,"column":2},"end":{"line":134,"column":3}},"36":{"start":{"line":131,"column":4},"end":{"line":133,"column":6}},"37":{"start":{"line":132,"column":6},"end":{"line":132,"column":31}}},"fnMap":{"0":{"name":"register","decl":{"start":{"line":23,"column":16},"end":{"line":23,"column":24}},"loc":{"start":{"line":23,"column":34},"end":{"line":55,"column":1}},"line":23},"1":{"name":"(anonymous_1)","decl":{"start":{"line":34,"column":36},"end":{"line":34,"column":37}},"loc":{"start":{"line":34,"column":42},"end":{"line":53,"column":5}},"line":34},"2":{"name":"(anonymous_2)","decl":{"start":{"line":43,"column":43},"end":{"line":43,"column":44}},"loc":{"start":{"line":43,"column":49},"end":{"line":48,"column":9}},"line":43},"3":{"name":"registerValidSW","decl":{"start":{"line":57,"column":9},"end":{"line":57,"column":24}},"loc":{"start":{"line":57,"column":41},"end":{"line":99,"column":1}},"line":57},"4":{"name":"(anonymous_4)","decl":{"start":{"line":60,"column":10},"end":{"line":60,"column":11}},"loc":{"start":{"line":60,"column":26},"end":{"line":95,"column":5}},"line":60},"5":{"name":"(anonymous_5)","decl":{"start":{"line":61,"column":35},"end":{"line":61,"column":36}},"loc":{"start":{"line":61,"column":41},"end":{"line":94,"column":7}},"line":61},"6":{"name":"(anonymous_6)","decl":{"start":{"line":66,"column":41},"end":{"line":66,"column":42}},"loc":{"start":{"line":66,"column":47},"end":{"line":93,"column":9}},"line":66},"7":{"name":"(anonymous_7)","decl":{"start":{"line":96,"column":11},"end":{"line":96,"column":12}},"loc":{"start":{"line":96,"column":20},"end":{"line":98,"column":5}},"line":96},"8":{"name":"checkValidServiceWorker","decl":{"start":{"line":101,"column":9},"end":{"line":101,"column":32}},"loc":{"start":{"line":101,"column":49},"end":{"line":127,"column":1}},"line":101},"9":{"name":"(anonymous_9)","decl":{"start":{"line":104,"column":10},"end":{"line":104,"column":11}},"loc":{"start":{"line":104,"column":22},"end":{"line":121,"column":5}},"line":104},"10":{"name":"(anonymous_10)","decl":{"start":{"line":112,"column":43},"end":{"line":112,"column":44}},"loc":{"start":{"line":112,"column":59},"end":{"line":116,"column":9}},"line":112},"11":{"name":"(anonymous_11)","decl":{"start":{"line":113,"column":41},"end":{"line":113,"column":42}},"loc":{"start":{"line":113,"column":47},"end":{"line":115,"column":11}},"line":113},"12":{"name":"(anonymous_12)","decl":{"start":{"line":122,"column":11},"end":{"line":122,"column":12}},"loc":{"start":{"line":122,"column":17},"end":{"line":126,"column":5}},"line":122},"13":{"name":"unregister","decl":{"start":{"line":129,"column":16},"end":{"line":129,"column":26}},"loc":{"start":{"line":129,"column":30},"end":{"line":135,"column":1}},"line":129},"14":{"name":"(anonymous_14)","decl":{"start":{"line":131,"column":39},"end":{"line":131,"column":40}},"loc":{"start":{"line":131,"column":55},"end":{"line":133,"column":5}},"line":131}},"branchMap":{"0":{"loc":{"start":{"line":14,"column":2},"end":{"line":20,"column":5}},"type":"binary-expr","locations":[{"start":{"line":14,"column":2},"end":{"line":14,"column":42}},{"start":{"line":16,"column":4},"end":{"line":16,"column":40}},{"start":{"line":18,"column":4},"end":{"line":20,"column":5}}],"line":14},"1":{"loc":{"start":{"line":24,"column":2},"end":{"line":54,"column":3}},"type":"if","locations":[{"start":{"line":24,"column":2},"end":{"line":54,"column":3}},{"start":{"line":24,"column":2},"end":{"line":54,"column":3}}],"line":24},"2":{"loc":{"start":{"line":24,"column":6},"end":{"line":24,"column":75}},"type":"binary-expr","locations":[{"start":{"line":24,"column":6},"end":{"line":24,"column":43}},{"start":{"line":24,"column":47},"end":{"line":24,"column":75}}],"line":24},"3":{"loc":{"start":{"line":27,"column":4},"end":{"line":32,"column":5}},"type":"if","locations":[{"start":{"line":27,"column":4},"end":{"line":32,"column":5}},{"start":{"line":27,"column":4},"end":{"line":32,"column":5}}],"line":27},"4":{"loc":{"start":{"line":37,"column":6},"end":{"line":52,"column":7}},"type":"if","locations":[{"start":{"line":37,"column":6},"end":{"line":52,"column":7}},{"start":{"line":37,"column":6},"end":{"line":52,"column":7}}],"line":37},"5":{"loc":{"start":{"line":63,"column":8},"end":{"line":65,"column":9}},"type":"if","locations":[{"start":{"line":63,"column":8},"end":{"line":65,"column":9}},{"start":{"line":63,"column":8},"end":{"line":65,"column":9}}],"line":63},"6":{"loc":{"start":{"line":67,"column":10},"end":{"line":92,"column":11}},"type":"if","locations":[{"start":{"line":67,"column":10},"end":{"line":92,"column":11}},{"start":{"line":67,"column":10},"end":{"line":92,"column":11}}],"line":67},"7":{"loc":{"start":{"line":68,"column":12},"end":{"line":91,"column":13}},"type":"if","locations":[{"start":{"line":68,"column":12},"end":{"line":91,"column":13}},{"start":{"line":68,"column":12},"end":{"line":91,"column":13}}],"line":68},"8":{"loc":{"start":{"line":78,"column":14},"end":{"line":80,"column":15}},"type":"if","locations":[{"start":{"line":78,"column":14},"end":{"line":80,"column":15}},{"start":{"line":78,"column":14},"end":{"line":80,"column":15}}],"line":78},"9":{"loc":{"start":{"line":78,"column":18},"end":{"line":78,"column":43}},"type":"binary-expr","locations":[{"start":{"line":78,"column":18},"end":{"line":78,"column":24}},{"start":{"line":78,"column":28},"end":{"line":78,"column":43}}],"line":78},"10":{"loc":{"start":{"line":88,"column":14},"end":{"line":90,"column":15}},"type":"if","locations":[{"start":{"line":88,"column":14},"end":{"line":90,"column":15}},{"start":{"line":88,"column":14},"end":{"line":90,"column":15}}],"line":88},"11":{"loc":{"start":{"line":88,"column":18},"end":{"line":88,"column":44}},"type":"binary-expr","locations":[{"start":{"line":88,"column":18},"end":{"line":88,"column":24}},{"start":{"line":88,"column":28},"end":{"line":88,"column":44}}],"line":88},"12":{"loc":{"start":{"line":107,"column":6},"end":{"line":120,"column":7}},"type":"if","locations":[{"start":{"line":107,"column":6},"end":{"line":120,"column":7}},{"start":{"line":107,"column":6},"end":{"line":120,"column":7}}],"line":107},"13":{"loc":{"start":{"line":108,"column":8},"end":{"line":109,"column":73}},"type":"binary-expr","locations":[{"start":{"line":108,"column":8},"end":{"line":108,"column":31}},{"start":{"line":109,"column":9},"end":{"line":109,"column":28}},{"start":{"line":109,"column":32},"end":{"line":109,"column":72}}],"line":108},"14":{"loc":{"start":{"line":130,"column":2},"end":{"line":134,"column":3}},"type":"if","locations":[{"start":{"line":130,"column":2},"end":{"line":134,"column":3}},{"start":{"line":130,"column":2},"end":{"line":134,"column":3}}],"line":130}},"s":{"0":0,"1":0,"2":0,"3":0,"4":0,"5":0,"6":0,"7":0,"8":0,"9":0,"10":0,"11":0,"12":0,"13":0,"14":0,"15":0,"16":0,"17":0,"18":0,"19":0,"20":0,"21":0,"22":0,"23":0,"24":0,"25":0,"26":0,"27":0,"28":0,"29":0,"30":0,"31":0,"32":0,"33":0,"34":0,"35":0,"36":0,"37":0},"f":{"0":0,"1":0,"2":0,"3":0,"4":0,"5":0,"6":0,"7":0,"8":0,"9":0,"10":0,"11":0,"12":0,"13":0,"14":0},"b":{"0":[0,0,0],"1":[0,0],"2":[0,0],"3":[0,0],"4":[0,0],"5":[0,0],"6":[0,0],"7":[0,0],"8":[0,0],"9":[0,0],"10":[0,0],"11":[0,0],"12":[0,0],"13":[0,0,0],"14":[0,0]},"hash":"5c81823571b3281fe21bed80b5afe325cf47ed80"}
,"/Users/vm/repos/react-server/app/src/Components/Button/Button.js": {"path":"/Users/vm/repos/react-server/app/src/Components/Button/Button.js","statementMap":{"0":{"start":{"line":5,"column":0},"end":{"line":5,"column":19}},"1":{"start":{"line":6,"column":15},"end":{"line":12,"column":1}},"2":{"start":{"line":7,"column":2},"end":{"line":11,"column":3}},"3":{"start":{"line":14,"column":0},"end":{"line":18,"column":1}}},"fnMap":{"0":{"name":"(anonymous_0)","decl":{"start":{"line":6,"column":15},"end":{"line":6,"column":16}},"loc":{"start":{"line":6,"column":80},"end":{"line":12,"column":1}},"line":6}},"branchMap":{"0":{"loc":{"start":{"line":6,"column":22},"end":{"line":6,"column":37}},"type":"default-arg","locations":[{"start":{"line":6,"column":29},"end":{"line":6,"column":37}}],"line":6},"1":{"loc":{"start":{"line":6,"column":48},"end":{"line":6,"column":73}},"type":"default-arg","locations":[{"start":{"line":6,"column":56},"end":{"line":6,"column":73}}],"line":6}},"s":{"0":2,"1":2,"2":2,"3":2},"f":{"0":2},"b":{"0":[1],"1":[1]},"_coverageSchema":"43e27e138ebf9cfc5966b082cf9a028302ed4184","hash":"052938a8b90a23aaebfd7ba016b11a8db410fcfb"}
,"/Users/vm/repos/react-server/app/src/Components/Input/Input.js": {"path":"/Users/vm/repos/react-server/app/src/Components/Input/Input.js","statementMap":{"0":{"start":{"line":3,"column":14},"end":{"line":3,"column":134}},"1":{"start":{"line":3,"column":68},"end":{"line":3,"column":133}}},"fnMap":{"0":{"name":"(anonymous_0)","decl":{"start":{"line":3,"column":19},"end":{"line":3,"column":20}},"loc":{"start":{"line":3,"column":68},"end":{"line":3,"column":133}},"line":3}},"branchMap":{"0":{"loc":{"start":{"line":3,"column":22},"end":{"line":3,"column":35}},"type":"default-arg","locations":[{"start":{"line":3,"column":29},"end":{"line":3,"column":35}}],"line":3}},"s":{"0":0,"1":0},"f":{"0":0},"b":{"0":[0]},"hash":"38cd309a51d78843ec77c02314f5f29696edbc70"}
,"/Users/vm/repos/react-server/app/src/Components/LoginForm/LoginForm.js": {"path":"/Users/vm/repos/react-server/app/src/Components/LoginForm/LoginForm.js","statementMap":{"0":{"start":{"line":9,"column":4},"end":{"line":9,"column":16}},"1":{"start":{"line":10,"column":4},"end":{"line":10,"column":39}},"2":{"start":{"line":11,"column":4},"end":{"line":11,"column":33}},"3":{"start":{"line":12,"column":4},"end":{"line":15,"column":5}},"4":{"start":{"line":18,"column":25},"end":{"line":18,"column":95}},"5":{"start":{"line":18,"column":31},"end":{"line":18,"column":95}},"6":{"start":{"line":19,"column":19},"end":{"line":19,"column":77}},"7":{"start":{"line":19,"column":25},"end":{"line":19,"column":77}},"8":{"start":{"line":20,"column":17},"end":{"line":25,"column":3}},"9":{"start":{"line":21,"column":4},"end":{"line":21,"column":22}},"10":{"start":{"line":22,"column":17},"end":{"line":22,"column":75}},"11":{"start":{"line":23,"column":4},"end":{"line":23,"column":44}},"12":{"start":{"line":23,"column":14},"end":{"line":23,"column":44}},"13":{"start":{"line":24,"column":4},"end":{"line":24,"column":21}},"14":{"start":{"line":28,"column":4},"end":{"line":40,"column":5}},"15":{"start":{"line":46,"column":2},"end":{"line":48,"column":3}},"16":{"start":{"line":53,"column":2},"end":{"line":55,"column":3}},"17":{"start":{"line":54,"column":37},"end":{"line":54,"column":74}}},"fnMap":{"0":{"name":"(anonymous_0)","decl":{"start":{"line":8,"column":2},"end":{"line":8,"column":3}},"loc":{"start":{"line":8,"column":22},"end":{"line":16,"column":3}},"line":8},"1":{"name":"(anonymous_1)","decl":{"start":{"line":18,"column":25},"end":{"line":18,"column":26}},"loc":{"start":{"line":18,"column":31},"end":{"line":18,"column":95}},"line":18},"2":{"name":"(anonymous_2)","decl":{"start":{"line":19,"column":19},"end":{"line":19,"column":20}},"loc":{"start":{"line":19,"column":25},"end":{"line":19,"column":77}},"line":19},"3":{"name":"(anonymous_3)","decl":{"start":{"line":20,"column":17},"end":{"line":20,"column":18}},"loc":{"start":{"line":20,"column":30},"end":{"line":25,"column":3}},"line":20},"4":{"name":"(anonymous_4)","decl":{"start":{"line":27,"column":2},"end":{"line":27,"column":3}},"loc":{"start":{"line":27,"column":12},"end":{"line":41,"column":3}},"line":27},"5":{"name":"mapStateToProps","decl":{"start":{"line":45,"column":9},"end":{"line":45,"column":24}},"loc":{"start":{"line":45,"column":33},"end":{"line":49,"column":1}},"line":45},"6":{"name":"mapDispatchToProps","decl":{"start":{"line":52,"column":9},"end":{"line":52,"column":27}},"loc":{"start":{"line":52,"column":39},"end":{"line":56,"column":1}},"line":52},"7":{"name":"(anonymous_7)","decl":{"start":{"line":54,"column":19},"end":{"line":54,"column":20}},"loc":{"start":{"line":54,"column":37},"end":{"line":54,"column":74}},"line":54}},"branchMap":{"0":{"loc":{"start":{"line":23,"column":4},"end":{"line":23,"column":44}},"type":"if","locations":[{"start":{"line":23,"column":4},"end":{"line":23,"column":44}},{"start":{"line":23,"column":4},"end":{"line":23,"column":44}}],"line":23}},"s":{"0":0,"1":0,"2":0,"3":0,"4":0,"5":0,"6":0,"7":0,"8":0,"9":0,"10":0,"11":0,"12":0,"13":0,"14":0,"15":0,"16":0,"17":0},"f":{"0":0,"1":0,"2":0,"3":0,"4":0,"5":0,"6":0,"7":0},"b":{"0":[0,0]},"_coverageSchema":"43e27e138ebf9cfc5966b082cf9a028302ed4184","hash":"f22b05439e3b2fc792f1ed9d14d523d365e944d1"}
,"/Users/vm/repos/react-server/app/src/Components/Nav/Nav.js": {"path":"/Users/vm/repos/react-server/app/src/Components/Nav/Nav.js","statementMap":{"0":{"start":{"line":5,"column":2},"end":{"line":19,"column":3}}},"fnMap":{"0":{"name":"Nav","decl":{"start":{"line":4,"column":16},"end":{"line":4,"column":19}},"loc":{"start":{"line":4,"column":23},"end":{"line":20,"column":1}},"line":4}},"branchMap":{},"s":{"0":1},"f":{"0":1},"b":{},"_coverageSchema":"43e27e138ebf9cfc5966b082cf9a028302ed4184","hash":"2d9030a4e1e22da7a1cf11339ae67bb883579584"}
,"/Users/vm/repos/react-server/app/src/Components/PrivateRoute/index.js": {"path":"/Users/vm/repos/react-server/app/src/Components/PrivateRoute/index.js","statementMap":{"0":{"start":{"line":5,"column":2},"end":{"line":12,"column":3}},"1":{"start":{"line":8,"column":25},"end":{"line":10,"column":83}}},"fnMap":{"0":{"name":"PrivateRoute","decl":{"start":{"line":4,"column":9},"end":{"line":4,"column":21}},"loc":{"start":{"line":4,"column":73},"end":{"line":13,"column":1}},"line":4},"1":{"name":"(anonymous_1)","decl":{"start":{"line":8,"column":14},"end":{"line":8,"column":15}},"loc":{"start":{"line":8,"column":25},"end":{"line":10,"column":83}},"line":8}},"branchMap":{"0":{"loc":{"start":{"line":8,"column":25},"end":{"line":10,"column":83}},"type":"cond-expr","locations":[{"start":{"line":9,"column":10},"end":{"line":9,"column":34}},{"start":{"line":10,"column":10},"end":{"line":10,"column":83}}],"line":8}},"s":{"0":1,"1":0},"f":{"0":1,"1":0},"b":{"0":[0,0]},"_coverageSchema":"43e27e138ebf9cfc5966b082cf9a028302ed4184","hash":"3567070a4bb101b0cfba0ca2484a4f14a5f6dcac"}
,"/Users/vm/repos/react-server/app/src/Components/Topbar/Topbar.js": {"path":"/Users/vm/repos/react-server/app/src/Components/Topbar/Topbar.js","statementMap":{"0":{"start":{"line":6,"column":4},"end":{"line":11,"column":5}}},"fnMap":{"0":{"name":"(anonymous_0)","decl":{"start":{"line":5,"column":2},"end":{"line":5,"column":3}},"loc":{"start":{"line":5,"column":12},"end":{"line":12,"column":3}},"line":5}},"branchMap":{},"s":{"0":1},"f":{"0":1},"b":{},"_coverageSchema":"43e27e138ebf9cfc5966b082cf9a028302ed4184","hash":"c6e21e90f60e6a556378bfac89209af01682f974"}
,"/Users/vm/repos/react-server/app/src/Libs/api/api.js": {"path":"/Users/vm/repos/react-server/app/src/Libs/api/api.js","statementMap":{"0":{"start":{"line":2,"column":20},"end":{"line":2,"column":28}},"1":{"start":{"line":5,"column":21},"end":{"line":10,"column":2}},"2":{"start":{"line":23,"column":24},"end":{"line":23,"column":59}},"3":{"start":{"line":24,"column":13},"end":{"line":24,"column":37}},"4":{"start":{"line":25,"column":2},"end":{"line":29,"column":3}},"5":{"start":{"line":25,"column":15},"end":{"line":25,"column":16}},"6":{"start":{"line":26,"column":12},"end":{"line":26,"column":17}},"7":{"start":{"line":27,"column":4},"end":{"line":27,"column":50}},"8":{"start":{"line":27,"column":32},"end":{"line":27,"column":50}},"9":{"start":{"line":28,"column":4},"end":{"line":28,"column":86}},"10":{"start":{"line":28,"column":38},"end":{"line":28,"column":86}},"11":{"start":{"line":30,"column":2},"end":{"line":30,"column":11}}},"fnMap":{"0":{"name":"getUserTokenFromCookie","decl":{"start":{"line":22,"column":16},"end":{"line":22,"column":38}},"loc":{"start":{"line":22,"column":42},"end":{"line":31,"column":1}},"line":22}},"branchMap":{"0":{"loc":{"start":{"line":6,"column":11},"end":{"line":6,"column":112}},"type":"cond-expr","locations":[{"start":{"line":6,"column":52},"end":{"line":6,"column":75}},{"start":{"line":6,"column":78},"end":{"line":6,"column":112}}],"line":6},"1":{"loc":{"start":{"line":28,"column":4},"end":{"line":28,"column":86}},"type":"if","locations":[{"start":{"line":28,"column":4},"end":{"line":28,"column":86}},{"start":{"line":28,"column":4},"end":{"line":28,"column":86}}],"line":28}},"s":{"0":1,"1":1,"2":1,"3":1,"4":1,"5":1,"6":1,"7":1,"8":0,"9":1,"10":0,"11":1},"f":{"0":1},"b":{"0":[0,1],"1":[0,1]},"_coverageSchema":"43e27e138ebf9cfc5966b082cf9a028302ed4184","hash":"2a05a69b585adb038cb01e34b9f8deccbef6700a"}
,"/Users/vm/repos/react-server/app/src/Libs/api/users.js": {"path":"/Users/vm/repos/react-server/app/src/Libs/api/users.js","statementMap":{"0":{"start":{"line":10,"column":19},"end":{"line":10,"column":47}},"1":{"start":{"line":11,"column":15},"end":{"line":11,"column":59}},"2":{"start":{"line":12,"column":2},"end":{"line":16,"column":3}},"3":{"start":{"line":12,"column":15},"end":{"line":12,"column":31}},"4":{"start":{"line":14,"column":4},"end":{"line":14,"column":31}},"5":{"start":{"line":15,"column":4},"end":{"line":15,"column":25}}},"fnMap":{"0":{"name":"authenticateUser","decl":{"start":{"line":9,"column":22},"end":{"line":9,"column":38}},"loc":{"start":{"line":9,"column":54},"end":{"line":17,"column":1}},"line":9}},"branchMap":{"0":{"loc":{"start":{"line":12,"column":2},"end":{"line":16,"column":3}},"type":"if","locations":[{"start":{"line":12,"column":2},"end":{"line":16,"column":3}},{"start":{"line":12,"column":2},"end":{"line":16,"column":3}}],"line":12}},"s":{"0":0,"1":0,"2":0,"3":0,"4":0,"5":0},"f":{"0":0},"b":{"0":[0,0]},"_coverageSchema":"43e27e138ebf9cfc5966b082cf9a028302ed4184","hash":"dcf98b2dc5c73bc46170d92173fa4e595d05f544"}
,"/Users/vm/repos/react-server/app/src/Redux/store.js": {"path":"/Users/vm/repos/react-server/app/src/Redux/store.js","statementMap":{"0":{"start":{"line":4,"column":17},"end":{"line":6,"column":2}}},"fnMap":{},"branchMap":{"0":{"loc":{"start":{"line":10,"column":2},"end":{"line":10,"column":78}},"type":"binary-expr","locations":[{"start":{"line":10,"column":2},"end":{"line":10,"column":37}},{"start":{"line":10,"column":41},"end":{"line":10,"column":78}}],"line":10}},"s":{"0":0},"f":{},"b":{"0":[0,0]},"hash":"bc22a55294778c5e36e3b1aad893e05fd003e20f"}
,"/Users/vm/repos/react-server/app/src/Redux/users.js": {"path":"/Users/vm/repos/react-server/app/src/Redux/users.js","statementMap":{"0":{"start":{"line":1,"column":21},"end":{"line":3,"column":1}},"1":{"start":{"line":8,"column":24},"end":{"line":8,"column":47}},"2":{"start":{"line":9,"column":27},"end":{"line":9,"column":53}},"3":{"start":{"line":15,"column":2},"end":{"line":15,"column":40}},"4":{"start":{"line":19,"column":2},"end":{"line":19,"column":37}},"5":{"start":{"line":26,"column":2},"end":{"line":41,"column":3}},"6":{"start":{"line":28,"column":6},"end":{"line":31,"column":7}},"7":{"start":{"line":34,"column":6},"end":{"line":37,"column":7}},"8":{"start":{"line":40,"column":6},"end":{"line":40,"column":18}}},"fnMap":{"0":{"name":"setActiveUser","decl":{"start":{"line":14,"column":16},"end":{"line":14,"column":29}},"loc":{"start":{"line":14,"column":37},"end":{"line":16,"column":1}},"line":14},"1":{"name":"removeActiveUser","decl":{"start":{"line":18,"column":16},"end":{"line":18,"column":32}},"loc":{"start":{"line":18,"column":36},"end":{"line":20,"column":1}},"line":18},"2":{"name":"UsersReducer","decl":{"start":{"line":25,"column":24},"end":{"line":25,"column":36}},"loc":{"start":{"line":25,"column":68},"end":{"line":42,"column":1}},"line":25}},"branchMap":{"0":{"loc":{"start":{"line":25,"column":38},"end":{"line":25,"column":58}},"type":"default-arg","locations":[{"start":{"line":25,"column":46},"end":{"line":25,"column":58}}],"line":25},"1":{"loc":{"start":{"line":26,"column":2},"end":{"line":41,"column":3}},"type":"switch","locations":[{"start":{"line":27,"column":4},"end":{"line":32,"column":5}},{"start":{"line":33,"column":4},"end":{"line":38,"column":5}},{"start":{"line":39,"column":4},"end":{"line":40,"column":18}}],"line":26}},"s":{"0":1,"1":1,"2":1,"3":0,"4":0,"5":0,"6":0,"7":0,"8":0},"f":{"0":0,"1":0,"2":0},"b":{"0":[0],"1":[0,0,0]},"_coverageSchema":"43e27e138ebf9cfc5966b082cf9a028302ed4184","hash":"2eac887ff20902ae7a0ff410b483bdf04354cd09"}
,"/Users/vm/repos/react-server/app/src/Views/Account/Account.js": {"path":"/Users/vm/repos/react-server/app/src/Views/Account/Account.js","statementMap":{"0":{"start":{"line":6,"column":4},"end":{"line":8,"column":5}},"1":{"start":{"line":14,"column":2},"end":{"line":16,"column":3}}},"fnMap":{"0":{"name":"(anonymous_0)","decl":{"start":{"line":5,"column":2},"end":{"line":5,"column":3}},"loc":{"start":{"line":5,"column":12},"end":{"line":9,"column":3}},"line":5},"1":{"name":"mapStateToProps","decl":{"start":{"line":13,"column":9},"end":{"line":13,"column":24}},"loc":{"start":{"line":13,"column":33},"end":{"line":17,"column":1}},"line":13}},"branchMap":{},"s":{"0":0,"1":0},"f":{"0":0,"1":0},"b":{},"hash":"89a673ef83c4caf12cedbb99f62d108ee8c7d294"}
,"/Users/vm/repos/react-server/app/src/Views/Login/Login.js": {"path":"/Users/vm/repos/react-server/app/src/Views/Login/Login.js","statementMap":{"0":{"start":{"line":6,"column":4},"end":{"line":10,"column":5}}},"fnMap":{"0":{"name":"(anonymous_0)","decl":{"start":{"line":5,"column":2},"end":{"line":5,"column":3}},"loc":{"start":{"line":5,"column":12},"end":{"line":11,"column":3}},"line":5}},"branchMap":{},"s":{"0":0},"f":{"0":0},"b":{},"_coverageSchema":"43e27e138ebf9cfc5966b082cf9a028302ed4184","hash":"2f5c68bd4d87f0453f179bcd6efb7aa2d1e2a8a6"}
,"/Users/vm/repos/react-server/app/src/stories/index.js": {"path":"/Users/vm/repos/react-server/app/src/stories/index.js","statementMap":{"0":{"start":{"line":11,"column":0},"end":{"line":11,"column":94}},"1":{"start":{"line":11,"column":55},"end":{"line":11,"column":93}},"2":{"start":{"line":13,"column":0},"end":{"line":14,"column":90}},"3":{"start":{"line":14,"column":32},"end":{"line":14,"column":89}},"4":{"start":{"line":17,"column":0},"end":{"line":19,"column":41}},"5":{"start":{"line":18,"column":25},"end":{"line":18,"column":69}},"6":{"start":{"line":19,"column":27},"end":{"line":19,"column":40}}},"fnMap":{"0":{"name":"(anonymous_0)","decl":{"start":{"line":11,"column":49},"end":{"line":11,"column":50}},"loc":{"start":{"line":11,"column":55},"end":{"line":11,"column":93}},"line":11},"1":{"name":"(anonymous_1)","decl":{"start":{"line":14,"column":26},"end":{"line":14,"column":27}},"loc":{"start":{"line":14,"column":32},"end":{"line":14,"column":89}},"line":14},"2":{"name":"(anonymous_2)","decl":{"start":{"line":18,"column":16},"end":{"line":18,"column":17}},"loc":{"start":{"line":18,"column":25},"end":{"line":18,"column":69}},"line":18},"3":{"name":"(anonymous_3)","decl":{"start":{"line":19,"column":21},"end":{"line":19,"column":22}},"loc":{"start":{"line":19,"column":27},"end":{"line":19,"column":40}},"line":19}},"branchMap":{},"s":{"0":0,"1":0,"2":0,"3":0,"4":0,"5":0,"6":0},"f":{"0":0,"1":0,"2":0,"3":0},"b":{},"hash":"e014895fcd208f509227f0f7f252bd044549479a"}
}
